[handleMsg]:  {
  key: {
    remoteJid: '5214491043242@s.whatsapp.net',
    fromMe: false,
    id: '606DD56DD7B7BCA186392A5B4E8C8B08',
    participant: undefined
  },
  messageTimestamp: 1739855045,
  pushName: '《♧Ares Almazan♧》',
  broadcast: false,
  message: Message {
    conversation: 'Consultar',
    messageContextInfo: MessageContextInfo {
      deviceListMetadata: [DeviceListMetadata],
      deviceListMetadataVersion: 2,
      messageSecret: [Uint8Array]
    }
  },
  body: 'Consultar',
  from: '5214491043242'
}
[QUEUE_SE_ENVIO]:  {
  ref: 'ans_72f6de96-b4b2-4d5a-8cf2-cba1e2358da8',
  keyword: 'key_75a289ff-d085-4041-ba9f-9bb40d6f60d6',
  answer: 'Por favor, dime tu pregunta:',
  options: {
    media: null,
    buttons: [],
    capture: true,
    child: null,
    delay: 0,
    idle: null,
    ref: null,
    nested: [],
    keyword: {},
    callback: true
  },
  refSerialize: 'ec6fb247e1c0f4c5450a96f56765bf72'
}
[handleMsg]:  {
  key: {
    remoteJid: '5214491043242@s.whatsapp.net',
    fromMe: false,
    id: 'AECA739E53DFFCC197C01C6B93704905',
    participant: undefined
  },
  messageTimestamp: 1739855050,
  pushName: '《♧Ares Almazan♧》',
  broadcast: false,
  message: Message {
    conversation: 'Hola',
    messageContextInfo: MessageContextInfo {
      deviceListMetadata: [DeviceListMetadata],
      deviceListMetadataVersion: 2,
      messageSecret: [Uint8Array]
    }
  },
  body: 'Hola',
  from: '5214491043242'
}
